<?xml version="1.0" encoding="UTF-8"?>
<!-- Generated by org.testng.reporters.JUnitXMLReporter -->
<testsuite hostname="DESKTOP-B7I24IH" ignored="0" name="Regression" tests="1" failures="1" timestamp="2021-03-08T22:05:00 EST" time="0.169" errors="0">
  <testcase name="sample" time="0.031" classname="Test.SampleTest">
    <failure type="java.lang.AssertionError" message="expected [true] but found [false]">
      <![CDATA[java.lang.AssertionError: expected [true] but found [false]
at Test.SampleTest.sample(SampleTest.java:33)
at java.util.ArrayList.forEach(Unknown Source)
... Removed 31 stack frames]]>
    </failure>
  </testcase> <!-- sample -->
</testsuite> <!-- Regression -->
